#
# There is insufficient memory for the Java Runtime Environment to continue.
# Native memory allocation (mmap) failed to map 249036800 bytes for committing reserved memory.
# Possible reasons:
#   The system is out of physical RAM or swap space
#   In 32 bit mode, the process size limit was hit
# Possible solutions:
#   Reduce memory load on the system
#   Increase physical memory or swap space
#   Check if swap backing store is full
#   Use 64 bit Java on a 64 bit OS
#   Decrease Java heap size (-Xmx/-Xms)
#   Decrease number of Java threads
#   Decrease Java thread stack sizes (-Xss)
#   Set larger code cache with -XX:ReservedCodeCacheSize=
# This output file may be truncated or incomplete.
#
#  Out of Memory Error (os_linux.cpp:2651), pid=31050, tid=0x00007f5830fff700
#
# JRE version: OpenJDK Runtime Environment (8.0_151-b12) (build 1.8.0_151-b12)
# Java VM: OpenJDK 64-Bit Server VM (25.151-b12 mixed mode linux-amd64 compressed oops)
# Core dump written. Default location: /home/fang/pagerank/pagerank/pagerank/core or core.31050
#

---------------  T H R E A D  ---------------

Current thread (0x00007f584014aaf0):  VMThread [stack: 0x00007f5830eff000,0x00007f5831000000] [id=31058]

Stack: [0x00007f5830eff000,0x00007f5831000000],  sp=0x00007f5830ffe4d0,  free space=1021k
Native frames: (J=compiled Java code, j=interpreted, Vv=VM code, C=native code)
V  [libjvm.so+0xb29f00]
V  [libjvm.so+0x4e8d8c]
V  [libjvm.so+0x8f5a98]
V  [libjvm.so+0x8f005e]
V  [libjvm.so+0x96c88e]
V  [libjvm.so+0x96dc13]
V  [libjvm.so+0x96a273]
V  [libjvm.so+0x96a57c]
V  [libjvm.so+0x91ab93]
V  [libjvm.so+0xb2bb72]
V  [libjvm.so+0xb30c87]
V  [libjvm.so+0xb2e482]
V  [libjvm.so+0xb2f896]
V  [libjvm.so+0xb2fd91]
V  [libjvm.so+0x8f2f62]

VM_Operation (0x00007f5849f14390): ParallelGCFailedAllocation, mode: safepoint, requested by thread 0x00007f5840009ca0


---------------  P R O C E S S  ---------------

Java Threads: ( => current thread )
  0x00007f5840267180 JavaThread "Service Thread" daemon [_thread_blocked, id=31067, stack(0x00007f58304df000,0x00007f58305e0000)]
  0x00007f58402572c0 JavaThread "C1 CompilerThread2" daemon [_thread_blocked, id=31066, stack(0x00007f58307f8000,0x00007f58308f9000)]
  0x00007f584025b870 JavaThread "C2 CompilerThread1" daemon [_thread_blocked, id=31065, stack(0x00007f58308f9000,0x00007f58309fa000)]
  0x00007f584001c210 JavaThread "C2 CompilerThread0" daemon [_thread_blocked, id=31064, stack(0x00007f58309fa000,0x00007f5830afb000)]
  0x00007f584023f190 JavaThread "Monitor Ctrl-Break" daemon [_thread_in_native, id=31063, stack(0x00007f5830afb000,0x00007f5830bfc000)]
  0x00007f58401823e0 JavaThread "Signal Dispatcher" daemon [_thread_blocked, id=31061, stack(0x00007f5830bfc000,0x00007f5830cfd000)]
  0x00007f5840158040 JavaThread "Finalizer" daemon [_thread_blocked, id=31060, stack(0x00007f5830cfd000,0x00007f5830dfe000)]
  0x00007f5840153f30 JavaThread "Reference Handler" daemon [_thread_blocked, id=31059, stack(0x00007f5830dfe000,0x00007f5830eff000)]
  0x00007f5840009ca0 JavaThread "main" [_thread_blocked, id=31052, stack(0x00007f5849e15000,0x00007f5849f16000)]

Other Threads:
=>0x00007f584014aaf0 VMThread [stack: 0x00007f5830eff000,0x00007f5831000000] [id=31058]
  0x00007f5840270cd0 WatcherThread [stack: 0x00007f58303de000,0x00007f58304df000] [id=31068]

VM state:at safepoint (normal execution)

VM Mutex/Monitor currently owned by a thread:  ([mutex/lock_event])
[0x00007f58400081a0] Threads_lock - owner thread: 0x00007f584014aaf0
[0x00007f58400086a0] Heap_lock - owner thread: 0x00007f5840009ca0

Heap:
 PSYoungGen      total 409088K, used 672K [0x00000000d6d80000, 0x00000000f0100000, 0x0000000100000000)
  eden space 404992K, 0% used [0x00000000d6d80000,0x00000000d6d80000,0x00000000ef900000)
  from space 4096K, 16% used [0x00000000ef900000,0x00000000ef9a8000,0x00000000efd00000)
  to   space 4096K, 0% used [0x00000000efd00000,0x00000000efd00000,0x00000000f0100000)
 ParOldGen       total 84992K, used 5284K [0x0000000084800000, 0x0000000089b00000, 0x00000000d6d80000)
  object space 84992K, 6% used [0x0000000084800000,0x0000000084d290c0,0x0000000089b00000)
 Metaspace       used 4873K, capacity 4944K, committed 5120K, reserved 1056768K
  class space    used 468K, capacity 496K, committed 512K, reserved 1048576K

Card table byte_map: [0x00007f584643d000,0x00007f584681a000] byte_map_base: 0x00007f5846019000

Marking Bits: (ParMarkBitMap*) 0x00007f58490f1d00
 Begin Bits: [0x00007f5828240000, 0x00007f582a120000)
 End Bits:   [0x00007f582a120000, 0x00007f582c000000)

Polling page: 0x00007f5849f3d000

CodeCache: size=245760Kb used=3476Kb max_used=3552Kb free=242283Kb
 bounds [0x00007f5831000000, 0x00007f5831390000, 0x00007f5840000000]
 total_blobs=781 nmethods=476 adapters=220
 compilation: enabled

Compilation events (10 events):
Event: 5.076 Thread 0x00007f584001c210  492       4       SysdigOutputParser::addFileToProcessEvent (186 bytes)
Event: 5.115 Thread 0x00007f584001c210 nmethod 492 0x00007f583131d590 code [0x00007f583131d7c0, 0x00007f583131eb58]
Event: 5.115 Thread 0x00007f584001c210  493       4       SysdigOutputParser::setFileToProcessEnd (32 bytes)
Event: 5.145 Thread 0x00007f584001c210 nmethod 493 0x00007f583131b250 code [0x00007f583131b440, 0x00007f583131c468]
Event: 5.545 Thread 0x00007f584025b870 nmethod 471% 0x00007f5831361a90 code [0x00007f5831362f20, 0x00007f5831375410]
Event: 5.545 Thread 0x00007f584001c210  494 %     4       SysdigOutputParser::getEntities @ 265 (2146 bytes)
Event: 5.562 Thread 0x00007f584025b870  495       4       Event::setEndTime (28 bytes)
Event: 5.564 Thread 0x00007f58402572c0  496       3       java.util.regex.Pattern$Node::study (21 bytes)
Event: 5.564 Thread 0x00007f58402572c0 nmethod 496 0x00007f58312d6890 code [0x00007f58312d6a00, 0x00007f58312d6c68]
Event: 5.589 Thread 0x00007f584025b870 nmethod 495 0x00007f5831319450 code [0x00007f5831319640, 0x00007f583131a468]

GC Heap History (10 events):
Event: 2.611 GC heap after
Heap after GC invocations=6 (full 0):
 PSYoungGen      total 129024K, used 2528K [0x00000000d6d80000, 0x00000000def80000, 0x0000000100000000)
  eden space 126464K, 0% used [0x00000000d6d80000,0x00000000d6d80000,0x00000000de900000)
  from space 2560K, 98% used [0x00000000dec00000,0x00000000dee78030,0x00000000dee80000)
  to   space 3072K, 0% used [0x00000000de900000,0x00000000de900000,0x00000000dec00000)
 ParOldGen       total 84992K, used 336K [0x0000000084800000, 0x0000000089b00000, 0x00000000d6d80000)
  object space 84992K, 0% used [0x0000000084800000,0x0000000084854000,0x0000000089b00000)
 Metaspace       used 4871K, capacity 4944K, committed 5120K, reserved 1056768K
  class space    used 468K, capacity 496K, committed 512K, reserved 1048576K
}
Event: 2.846 GC heap before
{Heap before GC invocations=7 (full 0):
 PSYoungGen      total 129024K, used 128992K [0x00000000d6d80000, 0x00000000def80000, 0x0000000100000000)
  eden space 126464K, 100% used [0x00000000d6d80000,0x00000000de900000,0x00000000de900000)
  from space 2560K, 98% used [0x00000000dec00000,0x00000000dee78030,0x00000000dee80000)
  to   space 3072K, 0% used [0x00000000de900000,0x00000000de900000,0x00000000dec00000)
 ParOldGen       total 84992K, used 336K [0x0000000084800000, 0x0000000089b00000, 0x00000000d6d80000)
  object space 84992K, 0% used [0x0000000084800000,0x0000000084854000,0x0000000089b00000)
 Metaspace       used 4872K, capacity 4944K, committed 5120K, reserved 1056768K
  class space    used 468K, capacity 496K, committed 512K, reserved 1048576K
Event: 2.857 GC heap after
Heap after GC invocations=7 (full 0):
 PSYoungGen      total 129536K, used 3040K [0x00000000d6d80000, 0x00000000e6c80000, 0x0000000100000000)
  eden space 126464K, 0% used [0x00000000d6d80000,0x00000000d6d80000,0x00000000de900000)
  from space 3072K, 98% used [0x00000000de900000,0x00000000debf8020,0x00000000dec00000)
  to   space 4096K, 0% used [0x00000000e6880000,0x00000000e6880000,0x00000000e6c80000)
 ParOldGen       total 84992K, used 1340K [0x0000000084800000, 0x0000000089b00000, 0x00000000d6d80000)
  object space 84992K, 1% used [0x0000000084800000,0x000000008494f090,0x0000000089b00000)
 Metaspace       used 4872K, capacity 4944K, committed 5120K, reserved 1056768K
  class space    used 468K, capacity 496K, committed 512K, reserved 1048576K
}
Event: 3.626 GC heap before
{Heap before GC invocations=8 (full 0):
 PSYoungGen      total 129536K, used 129504K [0x00000000d6d80000, 0x00000000e6c80000, 0x0000000100000000)
  eden space 126464K, 100% used [0x00000000d6d80000,0x00000000de900000,0x00000000de900000)
  from space 3072K, 98% used [0x00000000de900000,0x00000000debf8020,0x00000000dec00000)
  to   space 4096K, 0% used [0x00000000e6880000,0x00000000e6880000,0x00000000e6c80000)
 ParOldGen       total 84992K, used 1340K [0x0000000084800000, 0x0000000089b00000, 0x00000000d6d80000)
  object space 84992K, 1% used [0x0000000084800000,0x000000008494f090,0x0000000089b00000)
 Metaspace       used 4872K, capacity 4944K, committed 5120K, reserved 1056768K
  class space    used 468K, capacity 496K, committed 512K, reserved 1048576K
Event: 3.630 GC heap after
Heap after GC invocations=8 (full 0):
 PSYoungGen      total 257024K, used 2560K [0x00000000d6d80000, 0x00000000e6c80000, 0x0000000100000000)
  eden space 252928K, 0% used [0x00000000d6d80000,0x00000000d6d80000,0x00000000e6480000)
  from space 4096K, 62% used [0x00000000e6880000,0x00000000e6b00020,0x00000000e6c80000)
  to   space 4096K, 0% used [0x00000000e6480000,0x00000000e6480000,0x00000000e6880000)
 ParOldGen       total 84992K, used 2020K [0x0000000084800000, 0x0000000089b00000, 0x00000000d6d80000)
  object space 84992K, 2% used [0x0000000084800000,0x00000000849f9090,0x0000000089b00000)
 Metaspace       used 4872K, capacity 4944K, committed 5120K, reserved 1056768K
  class space    used 468K, capacity 496K, committed 512K, reserved 1048576K
}
Event: 4.878 GC heap before
{Heap before GC invocations=9 (full 0):
 PSYoungGen      total 257024K, used 255488K [0x00000000d6d80000, 0x00000000e6c80000, 0x0000000100000000)
  eden space 252928K, 100% used [0x00000000d6d80000,0x00000000e6480000,0x00000000e6480000)
  from space 4096K, 62% used [0x00000000e6880000,0x00000000e6b00020,0x00000000e6c80000)
  to   space 4096K, 0% used [0x00000000e6480000,0x00000000e6480000,0x00000000e6880000)
 ParOldGen       total 84992K, used 2020K [0x0000000084800000, 0x0000000089b00000, 0x00000000d6d80000)
  object space 84992K, 2% used [0x0000000084800000,0x00000000849f9090,0x0000000089b00000)
 Metaspace       used 4872K, capacity 4944K, committed 5120K, reserved 1056768K
  class space    used 468K, capacity 496K, committed 512K, reserved 1048576K
Event: 4.888 GC heap after
Heap after GC invocations=9 (full 0):
 PSYoungGen      total 257024K, used 2096K [0x00000000d6d80000, 0x00000000f0100000, 0x0000000100000000)
  eden space 252928K, 0% used [0x00000000d6d80000,0x00000000d6d80000,0x00000000e6480000)
  from space 4096K, 51% used [0x00000000e6480000,0x00000000e668c030,0x00000000e6880000)
  to   space 4096K, 0% used [0x00000000efd00000,0x00000000efd00000,0x00000000f0100000)
 ParOldGen       total 84992K, used 2876K [0x0000000084800000, 0x0000000089b00000, 0x00000000d6d80000)
  object space 84992K, 3% used [0x0000000084800000,0x0000000084acf090,0x0000000089b00000)
 Metaspace       used 4872K, capacity 4944K, committed 5120K, reserved 1056768K
  class space    used 468K, capacity 496K, committed 512K, reserved 1048576K
}
Event: 5.139 GC heap before
{Heap before GC invocations=10 (full 0):
 PSYoungGen      total 257024K, used 255024K [0x00000000d6d80000, 0x00000000f0100000, 0x0000000100000000)
  eden space 252928K, 100% used [0x00000000d6d80000,0x00000000e6480000,0x00000000e6480000)
  from space 4096K, 51% used [0x00000000e6480000,0x00000000e668c030,0x00000000e6880000)
  to   space 4096K, 0% used [0x00000000efd00000,0x00000000efd00000,0x00000000f0100000)
 ParOldGen       total 84992K, used 2876K [0x0000000084800000, 0x0000000089b00000, 0x00000000d6d80000)
  object space 84992K, 3% used [0x0000000084800000,0x0000000084acf090,0x0000000089b00000)
 Metaspace       used 4872K, capacity 4944K, committed 5120K, reserved 1056768K
  class space    used 468K, capacity 496K, committed 512K, reserved 1048576K
Event: 5.144 GC heap after
Heap after GC invocations=10 (full 0):
 PSYoungGen      total 409088K, used 768K [0x00000000d6d80000, 0x00000000f0100000, 0x0000000100000000)
  eden space 404992K, 0% used [0x00000000d6d80000,0x00000000d6d80000,0x00000000ef900000)
  from space 4096K, 18% used [0x00000000efd00000,0x00000000efdc0000,0x00000000f0100000)
  to   space 4096K, 0% used [0x00000000ef900000,0x00000000ef900000,0x00000000efd00000)
 ParOldGen       total 84992K, used 4572K [0x0000000084800000, 0x0000000089b00000, 0x00000000d6d80000)
  object space 84992K, 5% used [0x0000000084800000,0x0000000084c770c0,0x0000000089b00000)
 Metaspace       used 4872K, capacity 4944K, committed 5120K, reserved 1056768K
  class space    used 468K, capacity 496K, committed 512K, reserved 1048576K
}
Event: 5.742 GC heap before
{Heap before GC invocations=11 (full 0):
 PSYoungGen      total 409088K, used 405760K [0x00000000d6d80000, 0x00000000f0100000, 0x0000000100000000)
  eden space 404992K, 100% used [0x00000000d6d80000,0x00000000ef900000,0x00000000ef900000)
  from space 4096K, 18% used [0x00000000efd00000,0x00000000efdc0000,0x00000000f0100000)
  to   space 4096K, 0% used [0x00000000ef900000,0x00000000ef900000,0x00000000efd00000)
 ParOldGen       total 84992K, used 4572K [0x0000000084800000, 0x0000000089b00000, 0x00000000d6d80000)
  object space 84992K, 5% used [0x0000000084800000,0x0000000084c770c0,0x0000000089b00000)
 Metaspace       used 4873K, capacity 4944K, committed 5120K, reserved 1056768K
  class space    used 468K, capacity 496K, committed 512K, reserved 1048576K

Deoptimization events (10 events):
Event: 1.669 Thread 0x00007f5840009ca0 Uncommon trap: reason=array_check action=maybe_recompile pc=0x00007f58311ee468 method=java.util.AbstractCollection.toArray([Ljava/lang/Object;)[Ljava/lang/Object; @ 119
Event: 1.669 Thread 0x00007f5840009ca0 Uncommon trap: reason=array_check action=maybe_recompile pc=0x00007f58311ee468 method=java.util.AbstractCollection.toArray([Ljava/lang/Object;)[Ljava/lang/Object; @ 119
Event: 1.775 Thread 0x00007f5840009ca0 Uncommon trap: reason=unstable_if action=reinterpret pc=0x00007f583125d5d0 method=java.lang.String.split(Ljava/lang/String;I)[Ljava/lang/String; @ 42
Event: 1.797 Thread 0x00007f5840009ca0 Uncommon trap: reason=unstable_if action=reinterpret pc=0x00007f5831258b54 method=java.math.BigDecimal.<init>([CIILjava/math/MathContext;)V @ 120
Event: 1.798 Thread 0x00007f5840009ca0 Uncommon trap: reason=unstable_if action=reinterpret pc=0x00007f58311d8db8 method=java.util.HashMap.getNode(ILjava/lang/Object;)Ljava/util/HashMap$Node; @ 116
Event: 2.044 Thread 0x00007f5840009ca0 Uncommon trap: reason=unstable_if action=reinterpret pc=0x00007f583128d810 method=java.lang.String.split(Ljava/lang/String;I)[Ljava/lang/String; @ 207
Event: 2.642 Thread 0x00007f5840009ca0 Uncommon trap: reason=unstable_if action=reinterpret pc=0x00007f58312b2384 method=sun.nio.cs.StreamDecoder.implRead([CII)I @ 87
Event: 3.604 Thread 0x00007f5840009ca0 Uncommon trap: reason=unstable_if action=reinterpret pc=0x00007f58313007d8 method=SysdigOutputParser.getEntities()V @ 502
Event: 4.968 Thread 0x00007f5840009ca0 Uncommon trap: reason=unstable_if action=reinterpret pc=0x00007f5831333580 method=SysdigOutputParser.getEntities()V @ 542
Event: 4.971 Thread 0x00007f5840009ca0 Uncommon trap: reason=unstable_if action=reinterpret pc=0x00007f58312be0a4 method=java.lang.String.substring(I)Ljava/lang/String; @ 35

Internal exceptions (10 events):
Event: 0.262 Thread 0x00007f5840009ca0 Exception <a 'java/security/PrivilegedActionException'> (0x00000000d6df0330) thrown at [/builddir/build/BUILD/java-1.8.0-openjdk-1.8.0.151-1.b12.fc25.x86_64/openjdk/hotspot/src/share/vm/prims/jvm.cpp, line 1400]
Event: 0.262 Thread 0x00007f5840009ca0 Exception <a 'java/security/PrivilegedActionException'> (0x00000000d6df0540) thrown at [/builddir/build/BUILD/java-1.8.0-openjdk-1.8.0.151-1.b12.fc25.x86_64/openjdk/hotspot/src/share/vm/prims/jvm.cpp, line 1400]
Event: 0.263 Thread 0x00007f5840009ca0 Exception <a 'java/security/PrivilegedActionException'> (0x00000000d6df6218) thrown at [/builddir/build/BUILD/java-1.8.0-openjdk-1.8.0.151-1.b12.fc25.x86_64/openjdk/hotspot/src/share/vm/prims/jvm.cpp, line 1400]
Event: 0.263 Thread 0x00007f5840009ca0 Exception <a 'java/security/PrivilegedActionException'> (0x00000000d6df6428) thrown at [/builddir/build/BUILD/java-1.8.0-openjdk-1.8.0.151-1.b12.fc25.x86_64/openjdk/hotspot/src/share/vm/prims/jvm.cpp, line 1400]
Event: 1.067 Thread 0x00007f5840009ca0 Exception <a 'java/security/PrivilegedActionException'> (0x00000000d715bd88) thrown at [/builddir/build/BUILD/java-1.8.0-openjdk-1.8.0.151-1.b12.fc25.x86_64/openjdk/hotspot/src/share/vm/prims/jvm.cpp, line 1400]
Event: 1.067 Thread 0x00007f5840009ca0 Exception <a 'java/security/PrivilegedActionException'> (0x00000000d715c180) thrown at [/builddir/build/BUILD/java-1.8.0-openjdk-1.8.0.151-1.b12.fc25.x86_64/openjdk/hotspot/src/share/vm/prims/jvm.cpp, line 1400]
Event: 1.067 Thread 0x00007f5840009ca0 Exception <a 'java/security/PrivilegedActionException'> (0x00000000d715edf0) thrown at [/builddir/build/BUILD/java-1.8.0-openjdk-1.8.0.151-1.b12.fc25.x86_64/openjdk/hotspot/src/share/vm/prims/jvm.cpp, line 1400]
Event: 1.067 Thread 0x00007f5840009ca0 Exception <a 'java/security/PrivilegedActionException'> (0x00000000d715f1e8) thrown at [/builddir/build/BUILD/java-1.8.0-openjdk-1.8.0.151-1.b12.fc25.x86_64/openjdk/hotspot/src/share/vm/prims/jvm.cpp, line 1400]
Event: 1.067 Thread 0x00007f5840009ca0 Exception <a 'java/security/PrivilegedActionException'> (0x00000000d7160298) thrown at [/builddir/build/BUILD/java-1.8.0-openjdk-1.8.0.151-1.b12.fc25.x86_64/openjdk/hotspot/src/share/vm/prims/jvm.cpp, line 1400]
Event: 1.067 Thread 0x00007f5840009ca0 Exception <a 'java/security/PrivilegedActionException'> (0x00000000d7160690) thrown at [/builddir/build/BUILD/java-1.8.0-openjdk-1.8.0.151-1.b12.fc25.x86_64/openjdk/hotspot/src/share/vm/prims/jvm.cpp, line 1400]

Events (10 events):
Event: 4.888 Executing VM operation: ParallelGCFailedAllocation done
Event: 4.968 Thread 0x00007f5840009ca0 Uncommon trap: trap_request=0xffffff65 fr.pc=0x00007f5831333580
Event: 4.968 Thread 0x00007f5840009ca0 DEOPT PACKING pc=0x00007f5831333580 sp=0x00007f5849f14600
Event: 4.968 Thread 0x00007f5840009ca0 DEOPT UNPACKING pc=0x00007f5831004f69 sp=0x00007f5849f14670 mode 2
Event: 4.971 Thread 0x00007f5840009ca0 Uncommon trap: trap_request=0xffffff65 fr.pc=0x00007f58312be0a4
Event: 4.971 Thread 0x00007f5840009ca0 DEOPT PACKING pc=0x00007f58312be0a4 sp=0x00007f5849f14610
Event: 4.971 Thread 0x00007f5840009ca0 DEOPT UNPACKING pc=0x00007f5831004f69 sp=0x00007f5849f14600 mode 2
Event: 5.139 Executing VM operation: ParallelGCFailedAllocation
Event: 5.144 Executing VM operation: ParallelGCFailedAllocation done
Event: 5.742 Executing VM operation: ParallelGCFailedAllocation


Dynamic libraries:
84800000-89b00000 rw-p 00000000 00:00 0 
89b00000-d6d80000 ---p 00000000 00:00 0 
d6d80000-f0100000 rw-p 00000000 00:00 0 
fee80000-100000000 ---p 00000000 00:00 0 
100000000-100080000 rw-p 00000000 00:00 0 
100080000-140000000 ---p 00000000 00:00 0 
55a7529db000-55a7529dc000 r-xp 00000000 fd:00 43125648                   /usr/lib/jvm/java-1.8.0-openjdk-1.8.0.151-1.b12.fc25.x86_64/bin/java
55a752bdb000-55a752bdc000 r--p 00000000 fd:00 43125648                   /usr/lib/jvm/java-1.8.0-openjdk-1.8.0.151-1.b12.fc25.x86_64/bin/java
55a752bdc000-55a752bdd000 rw-p 00001000 fd:00 43125648                   /usr/lib/jvm/java-1.8.0-openjdk-1.8.0.151-1.b12.fc25.x86_64/bin/java
55a753c80000-55a753ca1000 rw-p 00000000 00:00 0                          [heap]
7f57e8000000-7f57e8021000 rw-p 00000000 00:00 0 
7f57e8021000-7f57ec000000 ---p 00000000 00:00 0 
7f57ec000000-7f57ec021000 rw-p 00000000 00:00 0 
7f57ec021000-7f57f0000000 ---p 00000000 00:00 0 
7f57f0000000-7f57f1f38000 rw-p 00000000 00:00 0 
7f57f1f38000-7f57f4000000 ---p 00000000 00:00 0 
7f57f4000000-7f57f473c000 rw-p 00000000 00:00 0 
7f57f473c000-7f57f8000000 ---p 00000000 00:00 0 
7f57f8000000-7f57f8045000 rw-p 00000000 00:00 0 
7f57f8045000-7f57fc000000 ---p 00000000 00:00 0 
7f57fc000000-7f57feec6000 rw-p 00000000 00:00 0 
7f57feec6000-7f5800000000 ---p 00000000 00:00 0 
7f5800000000-7f5800021000 rw-p 00000000 00:00 0 
7f5800021000-7f5804000000 ---p 00000000 00:00 0 
7f5805461000-7f580c000000 r--p 00000000 fd:00 39464878                   /usr/lib/locale/locale-archive
7f580c000000-7f580c021000 rw-p 00000000 00:00 0 
7f580c021000-7f5810000000 ---p 00000000 00:00 0 
7f5810000000-7f5810021000 rw-p 00000000 00:00 0 
7f5810021000-7f5814000000 ---p 00000000 00:00 0 
7f5814000000-7f5814021000 rw-p 00000000 00:00 0 
7f5814021000-7f5818000000 ---p 00000000 00:00 0 
7f5818000000-7f5818021000 rw-p 00000000 00:00 0 
7f5818021000-7f581c000000 ---p 00000000 00:00 0 
7f581c000000-7f581c021000 rw-p 00000000 00:00 0 
7f581c021000-7f5820000000 ---p 00000000 00:00 0 
7f5824000000-7f5824021000 rw-p 00000000 00:00 0 
7f5824021000-7f5828000000 ---p 00000000 00:00 0 
7f5828240000-7f582c000000 rw-p 00000000 00:00 0 
7f582c000000-7f582c021000 rw-p 00000000 00:00 0 
7f582c021000-7f5830000000 ---p 00000000 00:00 0 
7f58301cb000-7f58301dc000 r-xp 00000000 fd:00 43125529                   /usr/lib/jvm/java-1.8.0-openjdk-1.8.0.151-1.b12.fc25.x86_64/jre/lib/amd64/libnio.so
7f58301dc000-7f58303dc000 ---p 00011000 fd:00 43125529                   /usr/lib/jvm/java-1.8.0-openjdk-1.8.0.151-1.b12.fc25.x86_64/jre/lib/amd64/libnio.so
7f58303dc000-7f58303dd000 r--p 00011000 fd:00 43125529                   /usr/lib/jvm/java-1.8.0-openjdk-1.8.0.151-1.b12.fc25.x86_64/jre/lib/amd64/libnio.so
7f58303dd000-7f58303de000 rw-p 00012000 fd:00 43125529                   /usr/lib/jvm/java-1.8.0-openjdk-1.8.0.151-1.b12.fc25.x86_64/jre/lib/amd64/libnio.so
7f58303de000-7f58303df000 ---p 00000000 00:00 0 
7f58303df000-7f58304df000 rw-p 00000000 00:00 0 
7f58304df000-7f58304e2000 ---p 00000000 00:00 0 
7f58304e2000-7f58305e0000 rw-p 00000000 00:00 0 
7f58305e0000-7f58305f7000 r-xp 00000000 fd:00 43125528                   /usr/lib/jvm/java-1.8.0-openjdk-1.8.0.151-1.b12.fc25.x86_64/jre/lib/amd64/libnet.so
7f58305f7000-7f58307f6000 ---p 00017000 fd:00 43125528                   /usr/lib/jvm/java-1.8.0-openjdk-1.8.0.151-1.b12.fc25.x86_64/jre/lib/amd64/libnet.so
7f58307f6000-7f58307f7000 r--p 00016000 fd:00 43125528                   /usr/lib/jvm/java-1.8.0-openjdk-1.8.0.151-1.b12.fc25.x86_64/jre/lib/amd64/libnet.so
7f58307f7000-7f58307f8000 rw-p 00017000 fd:00 43125528                   /usr/lib/jvm/java-1.8.0-openjdk-1.8.0.151-1.b12.fc25.x86_64/jre/lib/amd64/libnet.so
7f58307f8000-7f58307fb000 ---p 00000000 00:00 0 
7f58307fb000-7f58308f9000 rw-p 00000000 00:00 0 
7f58308f9000-7f58308fc000 ---p 00000000 00:00 0 
7f58308fc000-7f58309fa000 rw-p 00000000 00:00 0 
7f58309fa000-7f58309fd000 ---p 00000000 00:00 0 
7f58309fd000-7f5830afb000 rw-p 00000000 00:00 0 
7f5830afb000-7f5830afe000 ---p 00000000 00:00 0 
7f5830afe000-7f5830bfc000 rw-p 00000000 00:00 0 
7f5830bfc000-7f5830bff000 ---p 00000000 00:00 0 
7f5830bff000-7f5830cfd000 rw-p 00000000 00:00 0 
7f5830cfd000-7f5830d00000 ---p 00000000 00:00 0 
7f5830d00000-7f5830dfe000 rw-p 00000000 00:00 0 
7f5830dfe000-7f5830e01000 ---p 00000000 00:00 0 
7f5830e01000-7f5830eff000 rw-p 00000000 00:00 0 
7f5830eff000-7f5830f00000 ---p 00000000 00:00 0 
7f5830f00000-7f5831000000 rw-p 00000000 00:00 0 
7f5831000000-7f5831390000 rwxp 00000000 00:00 0 
7f5831390000-7f5840000000 ---p 00000000 00:00 0 
7f5840000000-7f58402c8000 rw-p 00000000 00:00 0 
7f58402c8000-7f5844000000 ---p 00000000 00:00 0 
7f584400d000-7f584400f000 r--s 0001a000 fd:00 31593289                   /home/fang/software/ideaIC-2017.1.1/idea-IC-171.4073.35/lib/idea_rt.jar
7f584400f000-7f5844011000 r--s 00009000 fd:00 33817251                   /home/fang/.m2/repository/org/hamcrest/hamcrest-core/1.3/hamcrest-core-1.3.jar
7f5844011000-7f5844019000 r--s 00045000 fd:00 33817252                   /home/fang/.m2/repository/junit/junit/4.12/junit-4.12.jar
7f5844019000-7f5844041000 r--s 00278000 fd:00 34607032                   /home/fang/Downloads/jgrapht-1.1.0/lib/jgrapht-ext-1.1.0-uber.jar
7f5844041000-7f584404d000 r--s 000bd000 fd:00 34607030                   /home/fang/Downloads/jgrapht-1.1.0/lib/jgraphx-2.0.0.1.jar
7f584404d000-7f5844055000 r--s 0006e000 fd:00 34607027                   /home/fang/Downloads/jgrapht-1.1.0/lib/commons-lang3-3.5.jar
7f5844055000-7f5844059000 r--s 00025000 fd:00 34607025                   /home/fang/Downloads/jgrapht-1.1.0/lib/jgrapht-io-1.1.0.jar
7f5844059000-7f5844064000 r--s 00086000 fd:00 34607024                   /home/fang/Downloads/jgrapht-1.1.0/lib/jgrapht-core-1.1.0.jar
7f5844064000-7f5844077000 r--s 00346000 fd:00 39984613                   /usr/lib/jvm/java-1.8.0-openjdk-1.8.0.151-1.b12.fc25.x86_64/jre/lib/resources.jar
7f5844077000-7f5844f86000 rw-p 00000000 00:00 0 
7f5844f86000-7f5845154000 r--s 04400000 fd:00 39984704                   /usr/lib/jvm/java-1.8.0-openjdk-1.8.0.151-1.b12.fc25.x86_64/jre/lib/rt.jar
7f5845154000-7f584564a000 rw-p 00000000 00:00 0 
7f584564a000-7f58459ca000 ---p 00000000 00:00 0 
7f58459ca000-7f5845da6000 rw-p 00000000 00:00 0 
7f5845da6000-7f5845da7000 ---p 00000000 00:00 0 
7f5845da7000-7f5845ea7000 rw-p 00000000 00:00 0 
7f5845ea7000-7f5845ea8000 ---p 00000000 00:00 0 
7f5845ea8000-7f5845fa8000 rw-p 00000000 00:00 0 
7f5845fa8000-7f5845fa9000 ---p 00000000 00:00 0 
7f5845fa9000-7f58460a9000 rw-p 00000000 00:00 0 
7f58460a9000-7f58460aa000 ---p 00000000 00:00 0 
7f58460aa000-7f58461d4000 rw-p 00000000 00:00 0 
7f58461d4000-7f584643d000 ---p 00000000 00:00 0 
7f584643d000-7f5846467000 rw-p 00000000 00:00 0 
7f5846467000-7f58466cf000 ---p 00000000 00:00 0 
7f58466cf000-7f584679a000 rw-p 00000000 00:00 0 
7f584679a000-7f5846819000 ---p 00000000 00:00 0 
7f5846819000-7f5846829000 rw-p 00000000 00:00 0 
7f5846829000-7f5846bda000 ---p 00000000 00:00 0 
7f5846bda000-7f5846be2000 r-xp 00000000 fd:00 43125536                   /usr/lib/jvm/java-1.8.0-openjdk-1.8.0.151-1.b12.fc25.x86_64/jre/lib/amd64/libzip.so
7f5846be2000-7f5846de1000 ---p 00008000 fd:00 43125536                   /usr/lib/jvm/java-1.8.0-openjdk-1.8.0.151-1.b12.fc25.x86_64/jre/lib/amd64/libzip.so
7f5846de1000-7f5846de2000 r--p 00007000 fd:00 43125536                   /usr/lib/jvm/java-1.8.0-openjdk-1.8.0.151-1.b12.fc25.x86_64/jre/lib/amd64/libzip.so
7f5846de2000-7f5846de3000 rw-p 00000000 00:00 0 
7f5846de3000-7f5846ded000 r-xp 00000000 fd:00 39464693                   /usr/lib64/libnss_files-2.24.so
7f5846ded000-7f5846fed000 ---p 0000a000 fd:00 39464693                   /usr/lib64/libnss_files-2.24.so
7f5846fed000-7f5846fee000 r--p 0000a000 fd:00 39464693                   /usr/lib64/libnss_files-2.24.so
7f5846fee000-7f5846fef000 rw-p 0000b000 fd:00 39464693                   /usr/lib64/libnss_files-2.24.so
7f5846fef000-7f5846ff5000 rw-p 00000000 00:00 0 
7f5846ff5000-7f5846fff000 r-xp 00000000 fd:00 43125493                   /usr/lib/jvm/java-1.8.0-openjdk-1.8.0.151-1.b12.fc25.x86_64/jre/lib/amd64/libinstrument.so
7f5846fff000-7f58471fe000 ---p 0000a000 fd:00 43125493                   /usr/lib/jvm/java-1.8.0-openjdk-1.8.0.151-1.b12.fc25.x86_64/jre/lib/amd64/libinstrument.so
7f58471fe000-7f58471ff000 r--p 00009000 fd:00 43125493                   /usr/lib/jvm/java-1.8.0-openjdk-1.8.0.151-1.b12.fc25.x86_64/jre/lib/amd64/libinstrument.so
7f58471ff000-7f5847200000 rw-p 0000a000 fd:00 43125493                   /usr/lib/jvm/java-1.8.0-openjdk-1.8.0.151-1.b12.fc25.x86_64/jre/lib/amd64/libinstrument.so
7f5847200000-7f584722d000 r-xp 00000000 fd:00 43125498                   /usr/lib/jvm/java-1.8.0-openjdk-1.8.0.151-1.b12.fc25.x86_64/jre/lib/amd64/libjava.so
7f584722d000-7f584742d000 ---p 0002d000 fd:00 43125498                   /usr/lib/jvm/java-1.8.0-openjdk-1.8.0.151-1.b12.fc25.x86_64/jre/lib/amd64/libjava.so
7f584742d000-7f584742e000 r--p 0002d000 fd:00 43125498                   /usr/lib/jvm/java-1.8.0-openjdk-1.8.0.151-1.b12.fc25.x86_64/jre/lib/amd64/libjava.so
7f584742e000-7f584742f000 rw-p 0002e000 fd:00 43125498                   /usr/lib/jvm/java-1.8.0-openjdk-1.8.0.151-1.b12.fc25.x86_64/jre/lib/amd64/libjava.so
7f584742f000-7f5847430000 rw-p 00000000 00:00 0 
7f5847430000-7f584743d000 r-xp 00000000 fd:00 43125535                   /usr/lib/jvm/java-1.8.0-openjdk-1.8.0.151-1.b12.fc25.x86_64/jre/lib/amd64/libverify.so
7f584743d000-7f584763c000 ---p 0000d000 fd:00 43125535                   /usr/lib/jvm/java-1.8.0-openjdk-1.8.0.151-1.b12.fc25.x86_64/jre/lib/amd64/libverify.so
7f584763c000-7f584763e000 r--p 0000c000 fd:00 43125535                   /usr/lib/jvm/java-1.8.0-openjdk-1.8.0.151-1.b12.fc25.x86_64/jre/lib/amd64/libverify.so
7f584763e000-7f584763f000 rw-p 00000000 00:00 0 
7f584763f000-7f5847646000 r-xp 00000000 fd:00 39464699                   /usr/lib64/librt-2.24.so
7f5847646000-7f5847845000 ---p 00007000 fd:00 39464699                   /usr/lib64/librt-2.24.so
7f5847845000-7f5847846000 r--p 00006000 fd:00 39464699                   /usr/lib64/librt-2.24.so
7f5847846000-7f5847847000 rw-p 00007000 fd:00 39464699                   /usr/lib64/librt-2.24.so
7f5847847000-7f584785d000 r-xp 00000000 fd:00 39462107                   /usr/lib64/libgcc_s-6.4.1-20170727.so.1
7f584785d000-7f5847a5c000 ---p 00016000 fd:00 39462107                   /usr/lib64/libgcc_s-6.4.1-20170727.so.1
7f5847a5c000-7f5847a5d000 r--p 00015000 fd:00 39462107                   /usr/lib64/libgcc_s-6.4.1-20170727.so.1
7f5847a5d000-7f5847a5e000 rw-p 00016000 fd:00 39462107                   /usr/lib64/libgcc_s-6.4.1-20170727.so.1
7f5847a5e000-7f5847b66000 r-xp 00000000 fd:00 39462962                   /usr/lib64/libm-2.24.so
7f5847b66000-7f5847d65000 ---p 00108000 fd:00 39462962                   /usr/lib64/libm-2.24.so
7f5847d65000-7f5847d66000 r--p 00107000 fd:00 39462962                   /usr/lib64/libm-2.24.so
7f5847d66000-7f5847d67000 rw-p 00108000 fd:00 39462962                   /usr/lib64/libm-2.24.so
7f5847d67000-7f5847edf000 r-xp 00000000 fd:00 39462986                   /usr/lib64/libstdc++.so.6.0.22
7f5847edf000-7f58480df000 ---p 00178000 fd:00 39462986                   /usr/lib64/libstdc++.so.6.0.22
7f58480df000-7f58480e9000 r--p 00178000 fd:00 39462986                   /usr/lib64/libstdc++.so.6.0.22
7f58480e9000-7f58480eb000 rw-p 00182000 fd:00 39462986                   /usr/lib64/libstdc++.so.6.0.22
7f58480eb000-7f58480ef000 rw-p 00000000 00:00 0 
7f58480ef000-7f5848e19000 r-xp 00000000 fd:00 43125540                   /usr/lib/jvm/java-1.8.0-openjdk-1.8.0.151-1.b12.fc25.x86_64/jre/lib/amd64/server/libjvm.so
7f5848e19000-7f5849019000 ---p 00d2a000 fd:00 43125540                   /usr/lib/jvm/java-1.8.0-openjdk-1.8.0.151-1.b12.fc25.x86_64/jre/lib/amd64/server/libjvm.so
7f5849019000-7f58490b5000 r--p 00d2a000 fd:00 43125540                   /usr/lib/jvm/java-1.8.0-openjdk-1.8.0.151-1.b12.fc25.x86_64/jre/lib/amd64/server/libjvm.so
7f58490b5000-7f58490de000 rw-p 00dc6000 fd:00 43125540                   /usr/lib/jvm/java-1.8.0-openjdk-1.8.0.151-1.b12.fc25.x86_64/jre/lib/amd64/server/libjvm.so
7f58490de000-7f584910e000 rw-p 00000000 00:00 0 
7f584910e000-7f58492cb000 r-xp 00000000 fd:00 39459608                   /usr/lib64/libc-2.24.so
7f58492cb000-7f58494ca000 ---p 001bd000 fd:00 39459608                   /usr/lib64/libc-2.24.so
7f58494ca000-7f58494ce000 r--p 001bc000 fd:00 39459608                   /usr/lib64/libc-2.24.so
7f58494ce000-7f58494d0000 rw-p 001c0000 fd:00 39459608                   /usr/lib64/libc-2.24.so
7f58494d0000-7f58494d4000 rw-p 00000000 00:00 0 
7f58494d4000-7f58494d7000 r-xp 00000000 fd:00 39462073                   /usr/lib64/libdl-2.24.so
7f58494d7000-7f58496d6000 ---p 00003000 fd:00 39462073                   /usr/lib64/libdl-2.24.so
7f58496d6000-7f58496d7000 r--p 00002000 fd:00 39462073                   /usr/lib64/libdl-2.24.so
7f58496d7000-7f58496d8000 rw-p 00003000 fd:00 39462073                   /usr/lib64/libdl-2.24.so
7f58496d8000-7f58496e5000 r-xp 00000000 fd:00 43125697                   /usr/lib/jvm/java-1.8.0-openjdk-1.8.0.151-1.b12.fc25.x86_64/lib/amd64/jli/libjli.so
7f58496e5000-7f58498e5000 ---p 0000d000 fd:00 43125697                   /usr/lib/jvm/java-1.8.0-openjdk-1.8.0.151-1.b12.fc25.x86_64/lib/amd64/jli/libjli.so
7f58498e5000-7f58498e6000 r--p 0000d000 fd:00 43125697                   /usr/lib/jvm/java-1.8.0-openjdk-1.8.0.151-1.b12.fc25.x86_64/lib/amd64/jli/libjli.so
7f58498e6000-7f58498e7000 rw-p 00000000 00:00 0 
7f58498e7000-7f58498fc000 r-xp 00000000 fd:00 39462244                   /usr/lib64/libz.so.1.2.8
7f58498fc000-7f5849afb000 ---p 00015000 fd:00 39462244                   /usr/lib64/libz.so.1.2.8
7f5849afb000-7f5849afc000 r--p 00014000 fd:00 39462244                   /usr/lib64/libz.so.1.2.8
7f5849afc000-7f5849afd000 rw-p 00015000 fd:00 39462244                   /usr/lib64/libz.so.1.2.8
7f5849afd000-7f5849b15000 r-xp 00000000 fd:00 39464695                   /usr/lib64/libpthread-2.24.so
7f5849b15000-7f5849d15000 ---p 00018000 fd:00 39464695                   /usr/lib64/libpthread-2.24.so
7f5849d15000-7f5849d16000 r--p 00018000 fd:00 39464695                   /usr/lib64/libpthread-2.24.so
7f5849d16000-7f5849d17000 rw-p 00019000 fd:00 39464695                   /usr/lib64/libpthread-2.24.so
7f5849d17000-7f5849d1b000 rw-p 00000000 00:00 0 
7f5849d1b000-7f5849d41000 r-xp 00000000 fd:00 39460770                   /usr/lib64/ld-2.24.so
7f5849d41000-7f5849d44000 r--s 00011000 fd:00 34607029                   /home/fang/Downloads/jgrapht-1.1.0/lib/jgrapht-ext-1.1.0.jar
7f5849d44000-7f5849d45000 r--s 00004000 fd:00 34607033                   /home/fang/Downloads/jgrapht-1.1.0/lib/jgrapht-demo-1.1.0.jar
7f5849d45000-7f5849e15000 rw-p 00000000 00:00 0 
7f5849e15000-7f5849e18000 ---p 00000000 00:00 0 
7f5849e18000-7f5849f1a000 rw-p 00000000 00:00 0 
7f5849f1a000-7f5849f20000 r--s 00043000 fd:00 34607031                   /home/fang/Downloads/jgrapht-1.1.0/lib/jgraph-5.13.0.0.jar
7f5849f20000-7f5849f26000 r--s 00046000 fd:00 34607026                   /home/fang/Downloads/jgrapht-1.1.0/lib/antlr4-runtime-4.6.jar
7f5849f26000-7f5849f27000 r--s 00000000 fd:00 39984611                   /usr/lib/jvm/java-1.8.0-openjdk-1.8.0.151-1.b12.fc25.x86_64/jre/lib/management-agent.jar
7f5849f27000-7f5849f2c000 r--s 000b3000 fd:00 39984698                   /usr/lib/jvm/java-1.8.0-openjdk-1.8.0.151-1.b12.fc25.x86_64/jre/lib/jsse.jar
7f5849f2c000-7f5849f2f000 r--s 00018000 fd:00 39984690                   /usr/lib/jvm/java-1.8.0-openjdk-1.8.0.151-1.b12.fc25.x86_64/jre/lib/jce.jar
7f5849f2f000-7f5849f34000 r--s 00309000 fd:00 39984018                   /usr/lib/jvm/java-1.8.0-openjdk-1.8.0.151-1.b12.fc25.x86_64/jre/lib/charsets.jar
7f5849f34000-7f5849f3c000 rw-s 00000000 00:29 578496                     /tmp/hsperfdata_fang/31050
7f5849f3c000-7f5849f3d000 rw-p 00000000 00:00 0 
7f5849f3d000-7f5849f3e000 ---p 00000000 00:00 0 
7f5849f3e000-7f5849f40000 rw-p 00000000 00:00 0 
7f5849f40000-7f5849f41000 r--p 00025000 fd:00 39460770                   /usr/lib64/ld-2.24.so
7f5849f41000-7f5849f42000 rw-p 00026000 fd:00 39460770                   /usr/lib64/ld-2.24.so
7f5849f42000-7f5849f43000 rw-p 00000000 00:00 0 
7fff6be70000-7fff6be91000 rw-p 00000000 00:00 0                          [stack]
7fff6bf11000-7fff6bf14000 r--p 00000000 00:00 0                          [vvar]
7fff6bf14000-7fff6bf16000 r-xp 00000000 00:00 0                          [vdso]
ffffffffff600000-ffffffffff601000 r-xp 00000000 00:00 0                  [vsyscall]

VM Arguments:
jvm_args: -javaagent:/home/fang/software/ideaIC-2017.1.1/idea-IC-171.4073.35/lib/idea_rt.jar=41799:/home/fang/software/ideaIC-2017.1.1/idea-IC-171.4073.35/bin -Dfile.encoding=UTF-8 
java_command: ProcessOneLog
java_class_path (initial): /usr/lib/jvm/java-1.8.0-openjdk/jre/lib/charsets.jar:/usr/lib/jvm/java-1.8.0-openjdk/jre/lib/ext/cldrdata.jar:/usr/lib/jvm/java-1.8.0-openjdk/jre/lib/ext/dnsns.jar:/usr/lib/jvm/java-1.8.0-openjdk/jre/lib/ext/jaccess.jar:/usr/lib/jvm/java-1.8.0-openjdk/jre/lib/ext/localedata.jar:/usr/lib/jvm/java-1.8.0-openjdk/jre/lib/ext/nashorn.jar:/usr/lib/jvm/java-1.8.0-openjdk/jre/lib/ext/sunec.jar:/usr/lib/jvm/java-1.8.0-openjdk/jre/lib/ext/sunjce_provider.jar:/usr/lib/jvm/java-1.8.0-openjdk/jre/lib/ext/sunpkcs11.jar:/usr/lib/jvm/java-1.8.0-openjdk/jre/lib/ext/zipfs.jar:/usr/lib/jvm/java-1.8.0-openjdk/jre/lib/jce.jar:/usr/lib/jvm/java-1.8.0-openjdk/jre/lib/jsse.jar:/usr/lib/jvm/java-1.8.0-openjdk/jre/lib/management-agent.jar:/usr/lib/jvm/java-1.8.0-openjdk/jre/lib/resources.jar:/usr/lib/jvm/java-1.8.0-openjdk/jre/lib/rt.jar:/home/fang/pagerank/pagerank/pagerank/out/production/pagerank:/home/fang/Downloads/jgrapht-1.1.0/lib/antlr4-runtime-4.6.jar:/home/fang/Downloads/jgrapht-1.1.0/lib/jgraph-5.13.0.0.jar:/home/fang/Downloads/jgrapht-1.1.0/lib/jgrapht-core-1.1.0.jar:/home/fang/Downloads/jgrapht-1.1.0/lib/jgrapht-demo-1.1.0.jar:/home/fang/Downloads/jgrapht-1.1.0/lib/jgrapht-ext-1.1.0-uber.jar:/home/fang/Downloads/jgrapht-1.1.0/lib/jgrapht-ext-1.1.0.jar:/home/fang/Downloads/jgrapht-1.1.0/lib/jgraphx-2.0.0.1.jar:/home/fang/.m2/repository/junit/junit/4.12/junit-4.12.jar:/home/fang/.m2/repository/org/hamcrest/hamcrest-core/1.3/hamcrest-core-1.3.jar:/home/fang/pagerank/pagerank/pagerank:/home/fang/software/ideaIC-2017.1.1/idea-IC-171.4073.35/lib/idea_rt.jar
Launcher Type: SUN_STANDARD

Environment Variables:
PATH=/usr/lib64/qt-3.3/bin:/usr/lib64/ccache:/usr/local/bin:/usr/local/sbin:/usr/bin:/usr/sbin:/home/fang/bin
USERNAME=fang
LD_LIBRARY_PATH=/home/fang/software/ideaIC-2017.1.1/idea-IC-171.4073.35/bin:
SHELL=/usr/bin/zsh
DISPLAY=:0

Signal Handlers:
SIGSEGV: [libjvm.so+0xb2a990], sa_mask[0]=11111111011111111101111111111110, sa_flags=SA_RESTART|SA_SIGINFO
SIGBUS: [libjvm.so+0xb2a990], sa_mask[0]=11111111011111111101111111111110, sa_flags=SA_RESTART|SA_SIGINFO
SIGFPE: [libjvm.so+0x8f11f0], sa_mask[0]=11111111011111111101111111111110, sa_flags=SA_RESTART|SA_SIGINFO
SIGPIPE: [libjvm.so+0x8f11f0], sa_mask[0]=11111111011111111101111111111110, sa_flags=SA_RESTART|SA_SIGINFO
SIGXFSZ: [libjvm.so+0x8f11f0], sa_mask[0]=11111111011111111101111111111110, sa_flags=SA_RESTART|SA_SIGINFO
SIGILL: [libjvm.so+0x8f11f0], sa_mask[0]=11111111011111111101111111111110, sa_flags=SA_RESTART|SA_SIGINFO
SIGUSR1: SIG_DFL, sa_mask[0]=00000000000000000000000000000000, sa_flags=none
SIGUSR2: [libjvm.so+0x8f10a0], sa_mask[0]=00100000000000000000000000000000, sa_flags=SA_RESTART|SA_SIGINFO
SIGHUP: [libjvm.so+0x8f1550], sa_mask[0]=11111111011111111101111111111110, sa_flags=SA_RESTART|SA_SIGINFO
SIGINT: [libjvm.so+0x8f1550], sa_mask[0]=11111111011111111101111111111110, sa_flags=SA_RESTART|SA_SIGINFO
SIGTERM: [libjvm.so+0x8f1550], sa_mask[0]=11111111011111111101111111111110, sa_flags=SA_RESTART|SA_SIGINFO
SIGQUIT: [libjvm.so+0x8f1550], sa_mask[0]=11111111011111111101111111111110, sa_flags=SA_RESTART|SA_SIGINFO


---------------  S Y S T E M  ---------------

OS:Fedora release 25 (Twenty Five)

uname:Linux 4.13.16-100.fc25.x86_64 #1 SMP Mon Nov 27 19:52:46 UTC 2017 x86_64
libc:glibc 2.24 NPTL 2.24 
rlimit: STACK 8192k, CORE infinity, NPROC 31491, NOFILE 4096, AS infinity
load average:2.41 2.58 2.43

/proc/meminfo:
MemTotal:        8087280 kB
MemFree:          136548 kB
MemAvailable:      92356 kB
Buffers:            1540 kB
Cached:          1413236 kB
SwapCached:            0 kB
Active:          6145576 kB
Inactive:        1352876 kB
Active(anon):    6087480 kB
Inactive(anon):  1295580 kB
Active(file):      58096 kB
Inactive(file):    57296 kB
Unevictable:        1968 kB
Mlocked:            1968 kB
SwapTotal:             0 kB
SwapFree:              0 kB
Dirty:               208 kB
Writeback:             0 kB
AnonPages:       6085504 kB
Mapped:           693348 kB
Shmem:           1302040 kB
Slab:             198332 kB
SReclaimable:      74128 kB
SUnreclaim:       124204 kB
KernelStack:       20384 kB
PageTables:       106680 kB
NFS_Unstable:          0 kB
Bounce:                0 kB
WritebackTmp:          0 kB
CommitLimit:     4043640 kB
Committed_AS:   22689636 kB
VmallocTotal:   34359738367 kB
VmallocUsed:           0 kB
VmallocChunk:          0 kB
HardwareCorrupted:     0 kB
AnonHugePages:         0 kB
ShmemHugePages:        0 kB
ShmemPmdMapped:        0 kB
CmaTotal:              0 kB
CmaFree:               0 kB
HugePages_Total:       0
HugePages_Free:        0
HugePages_Rsvd:        0
HugePages_Surp:        0
Hugepagesize:       2048 kB
DirectMap4k:      389888 kB
DirectMap2M:     7913472 kB
DirectMap1G:     1048576 kB


CPU:total 4 (initial active 4) (2 cores per cpu, 2 threads per core) family 6 model 60 stepping 3, cmov, cx8, fxsr, mmx, sse, sse2, sse3, ssse3, sse4.1, sse4.2, popcnt, avx, avx2, aes, clmul, erms, lzcnt, ht, tsc, tscinvbit, bmi1, bmi2

/proc/cpuinfo:
processor	: 0
vendor_id	: GenuineIntel
cpu family	: 6
model		: 60
model name	: Intel(R) Core(TM) i5-4210H CPU @ 2.90GHz
stepping	: 3
microcode	: 0x22
cpu MHz		: 2893.214
cache size	: 3072 KB
physical id	: 0
siblings	: 4
core id		: 0
cpu cores	: 2
apicid		: 0
initial apicid	: 0
fpu		: yes
fpu_exception	: yes
cpuid level	: 13
wp		: yes
flags		: fpu vme de pse tsc msr pae mce cx8 apic sep mtrr pge mca cmov pat pse36 clflush dts acpi mmx fxsr sse sse2 ss ht tm pbe syscall nx pdpe1gb rdtscp lm constant_tsc arch_perfmon pebs bts rep_good nopl xtopology nonstop_tsc cpuid aperfmperf pni pclmulqdq dtes64 monitor ds_cpl vmx est tm2 ssse3 sdbg fma cx16 xtpr pdcm pcid sse4_1 sse4_2 x2apic movbe popcnt tsc_deadline_timer aes xsave avx f16c rdrand lahf_lm abm cpuid_fault epb tpr_shadow vnmi flexpriority ept vpid fsgsbase tsc_adjust bmi1 avx2 smep bmi2 erms invpcid xsaveopt dtherm ida arat pln pts
bugs		:
bogomips	: 5786.42
clflush size	: 64
cache_alignment	: 64
address sizes	: 39 bits physical, 48 bits virtual
power management:

processor	: 1
vendor_id	: GenuineIntel
cpu family	: 6
model		: 60
model name	: Intel(R) Core(TM) i5-4210H CPU @ 2.90GHz
stepping	: 3
microcode	: 0x22
cpu MHz		: 2893.214
cache size	: 3072 KB
physical id	: 0
siblings	: 4
core id		: 0
cpu cores	: 2
apicid		: 1
initial apicid	: 1
fpu		: yes
fpu_exception	: yes
cpuid level	: 13
wp		: yes
flags		: fpu vme de pse tsc msr pae mce cx8 apic sep mtrr pge mca cmov pat pse36 clflush dts acpi mmx fxsr sse sse2 ss ht tm pbe syscall nx pdpe1gb rdtscp lm constant_tsc arch_perfmon pebs bts rep_good nopl xtopology nonstop_tsc cpuid aperfmperf pni pclmulqdq dtes64 monitor ds_cpl vmx est tm2 ssse3 sdbg fma cx16 xtpr pdcm pcid sse4_1 sse4_2 x2apic movbe popcnt tsc_deadline_timer aes xsave avx f16c rdrand lahf_lm abm cpuid_fault epb tpr_shadow vnmi flexpriority ept vpid fsgsbase tsc_adjust bmi1 avx2 smep bmi2 erms invpcid xsaveopt dtherm ida arat pln pts
bugs		:
bogomips	: 5786.42
clflush size	: 64
cache_alignment	: 64
address sizes	: 39 bits physical, 48 bits virtual
power management:

processor	: 2
vendor_id	: GenuineIntel
cpu family	: 6
model		: 60
model name	: Intel(R) Core(TM) i5-4210H CPU @ 2.90GHz
stepping	: 3
microcode	: 0x22
cpu MHz		: 2893.214
cache size	: 3072 KB
physical id	: 0
siblings	: 4
core id		: 1
cpu cores	: 2
apicid		: 2
initial apicid	: 2
fpu		: yes
fpu_exception	: yes
cpuid level	: 13
wp		: yes
flags		: fpu vme de pse tsc msr pae mce cx8 apic sep mtrr pge mca cmov pat pse36 clflush dts acpi mmx fxsr sse sse2 ss ht tm pbe syscall nx pdpe1gb rdtscp lm constant_tsc arch_perfmon pebs bts rep_good nopl xtopology nonstop_tsc cpuid aperfmperf pni pclmulqdq dtes64 monitor ds_cpl vmx est tm2 ssse3 sdbg fma cx16 xtpr pdcm pcid sse4_1 sse4_2 x2apic movbe popcnt tsc_deadline_timer aes xsave avx f16c rdrand lahf_lm abm cpuid_fault epb tpr_shadow vnmi flexpriority ept vpid fsgsbase tsc_adjust bmi1 avx2 smep bmi2 erms invpcid xsaveopt dtherm ida arat pln pts
bugs		:
bogomips	: 5786.42
clflush size	: 64
cache_alignment	: 64
address sizes	: 39 bits physical, 48 bits virtual
power management:

processor	: 3
vendor_id	: GenuineIntel
cpu family	: 6
model		: 60
model name	: Intel(R) Core(TM) i5-4210H CPU @ 2.90GHz
stepping	: 3
microcode	: 0x22
cpu MHz		: 2893.214
cache size	: 3072 KB
physical id	: 0
siblings	: 4
core id		: 1
cpu cores	: 2
apicid		: 3
initial apicid	: 3
fpu		: yes
fpu_exception	: yes
cpuid level	: 13
wp		: yes
flags		: fpu vme de pse tsc msr pae mce cx8 apic sep mtrr pge mca cmov pat pse36 clflush dts acpi mmx fxsr sse sse2 ss ht tm pbe syscall nx pdpe1gb rdtscp lm constant_tsc arch_perfmon pebs bts rep_good nopl xtopology nonstop_tsc cpuid aperfmperf pni pclmulqdq dtes64 monitor ds_cpl vmx est tm2 ssse3 sdbg fma cx16 xtpr pdcm pcid sse4_1 sse4_2 x2apic movbe popcnt tsc_deadline_timer aes xsave avx f16c rdrand lahf_lm abm cpuid_fault epb tpr_shadow vnmi flexpriority ept vpid fsgsbase tsc_adjust bmi1 avx2 smep bmi2 erms invpcid xsaveopt dtherm ida arat pln pts
bugs		:
bogomips	: 5786.42
clflush size	: 64
cache_alignment	: 64
address sizes	: 39 bits physical, 48 bits virtual
power management:



Memory: 4k page, physical 8087280k(136548k free), swap 0k(0k free)

vm_info: OpenJDK 64-Bit Server VM (25.151-b12) for linux-amd64 JRE (1.8.0_151-b12), built on Oct 25 2017 15:01:27 by "mockbuild" with gcc 6.4.1 20170727 (Red Hat 6.4.1-1)

time: Sat Aug 11 20:55:02 2018
elapsed time: 6 seconds (0d 0h 0m 6s)

